<?xml version="1.0" encoding="UTF-8"?>
<testsuite name="cl.marcuzo.staticanalysis.StaticAnalysisApplicationTests" tests="1" skipped="0" failures="0" errors="0" timestamp="2024-05-29T06:53:42" hostname="artpc" time="4.623">
  <properties/>
  <testcase name="contextLoads()" classname="cl.marcuzo.staticanalysis.StaticAnalysisApplicationTests" time="4.623"/>
  <system-out><![CDATA[02:53:32.525 [Test worker] INFO org.springframework.test.context.support.AnnotationConfigContextLoaderUtils -- Could not detect default configuration classes for test class [cl.marcuzo.staticanalysis.StaticAnalysisApplicationTests]: StaticAnalysisApplicationTests does not declare any static, non-private, non-final, nested classes annotated with @Configuration.
02:53:33.236 [Test worker] INFO org.springframework.boot.test.context.SpringBootTestContextBootstrapper -- Found @SpringBootConfiguration cl.marcuzo.staticanalysis.StaticAnalysisApplication for test class cl.marcuzo.staticanalysis.StaticAnalysisApplicationTests
  .   ____          _            __ _ _
 /\\ / ___'_ __ _ _(_)_ __  __ _ \ \ \ \
( ( )\___ | '_ | '_| | '_ \/ _` | \ \ \ \
 \\/  ___)| |_)| | | | | || (_| |  ) ) ) )
  '  |____| .__|_| |_|_| |_\__, | / / / /
 =========|_|==============|___/=/_/_/_/

 :: Spring Boot ::                (v3.3.0)

2024-05-29T02:53:36.106-04:00  INFO 15068 --- [static-analysis] [    Test worker] c.m.s.StaticAnalysisApplicationTests     : Starting StaticAnalysisApplicationTests using Java 17.0.10 with PID 15068 (started by bodegafresh in /mnt/e/git/static-analysis)
2024-05-29T02:53:36.109-04:00  INFO 15068 --- [static-analysis] [    Test worker] c.m.s.StaticAnalysisApplicationTests     : No active profile set, falling back to 1 default profile: "default"
2024-05-29T02:53:42.323-04:00  INFO 15068 --- [static-analysis] [    Test worker] c.m.s.StaticAnalysisApplicationTests     : Started StaticAnalysisApplicationTests in 7.918 seconds (process running for 12.452)
]]></system-out>
  <system-err><![CDATA[]]></system-err>
</testsuite>
